This file contains any messages produced by compilers while
running configure, to aid debugging if configure makes a mistake.

It was created by ior configure 3.3.0+dev, which was
generated by GNU Autoconf 2.69.  Invocation command line was

  $ ./configure --with-hdf5

## --------- ##
## Platform. ##
## --------- ##

hostname = login5
uname -m = ppc64le
uname -r = 4.14.0-115.8.1.el7a.ppc64le
uname -s = Linux
uname -v = #1 SMP Thu May 9 14:45:13 UTC 2019

/usr/bin/uname -p = ppc64le
/bin/uname -X     = unknown

/bin/arch              = ppc64le
/usr/bin/arch -k       = unknown
/usr/convex/getsysinfo = unknown
/usr/bin/hostinfo      = unknown
/bin/machine           = unknown
/usr/bin/oslevel       = unknown
/bin/universe          = unknown

PATH: /sw/sources/lsf-tools/2.0/summit/bin
PATH: /sw/summit/xalt/1.1.4/bin
PATH: /autofs/nccs-svm1_sw/summit/.swci/1-compute/opt/spack/20180914/linux-rhel7-ppc64le/gcc-6.4.0/spectrum-mpi-10.3.0.1-20190611-cyaenjgora6now2nusxzkfli4mzjnudx/bin
PATH: /sw/summit/gcc/6.4.0/bin
PATH: /usr/bin
PATH: /usr/sbin
PATH: /opt/ibm/csm/bin
PATH: /autofs/nccs-svm1_sw/summit/.swci/1-compute/opt/spack/20180914/linux-rhel7-ppc64le/gcc-4.8.5/darshan-runtime-3.1.7-csygoqyym3m3ysoaperhxlhoiluvpa2u/bin
PATH: /sw/sources/hpss/bin
PATH: /opt/ibm/spectrumcomputing/lsf/10.1/linux3.10-glibc2.17-ppc64le-csm/etc
PATH: /opt/ibm/spectrumcomputing/lsf/10.1/linux3.10-glibc2.17-ppc64le-csm/bin
PATH: /usr/local/bin
PATH: /usr/local/sbin
PATH: /opt/ibm/flightlog/bin
PATH: /opt/ibutils/bin
PATH: /opt/ibm/spectrum_mpi/jsm_pmix/bin
PATH: /opt/puppetlabs/bin
PATH: /usr/lpp/mmfs/bin


## ----------- ##
## Core tests. ##
## ----------- ##

configure:2352: checking metadata
configure:2525: result: yes
configure:2567: checking build system type
configure:2581: result: powerpc64le-unknown-linux-gnu
configure:2601: checking host system type
configure:2614: result: powerpc64le-unknown-linux-gnu
configure:2652: checking for a BSD-compatible install
configure:2720: result: /usr/bin/install -c
configure:2731: checking whether build environment is sane
configure:2786: result: yes
configure:2937: checking for a thread-safe mkdir -p
configure:2976: result: /usr/bin/mkdir -p
configure:2983: checking for gawk
configure:2999: found /usr/bin/gawk
configure:3010: result: gawk
configure:3021: checking whether make sets $(MAKE)
configure:3043: result: yes
configure:3072: checking whether make supports nested variables
configure:3089: result: yes
configure:3175: checking whether make supports nested variables
configure:3192: result: yes
configure:3204: checking whether to enable maintainer-specific portions of Makefiles
configure:3213: result: no
configure:3253: checking for style of include used by make
configure:3281: result: GNU
configure:3461: checking for gcc
configure:3488: result: /gpfs/alpine/csc300/world-shared/hdf5-1.10.6/hdf5/bin/h5pcc
configure:3717: checking for C compiler version
configure:3726: /gpfs/alpine/csc300/world-shared/hdf5-1.10.6/hdf5/bin/h5pcc --version >&5
gcc (GCC) 6.4.0
Copyright (C) 2017 Free Software Foundation, Inc.
This is free software; see the source for copying conditions.  There is NO
warranty; not even for MERCHANTABILITY or FITNESS FOR A PARTICULAR PURPOSE.

configure:3737: $? = 0
configure:3726: /gpfs/alpine/csc300/world-shared/hdf5-1.10.6/hdf5/bin/h5pcc -v >&5
Using built-in specs.
COLLECT_GCC=/sw/summit/gcc/6.4.0/bin/gcc
COLLECT_LTO_WRAPPER=/autofs/nccs-svm1_sw/summit/gcc/6.4.0/bin/../libexec/gcc/powerpc64le-none-linux-gnu/6.4.0/lto-wrapper
OFFLOAD_TARGET_NAMES=nvptx-none
Target: powerpc64le-none-linux-gnu
Configured with: /sw/summit/gcc/6.4.0/src/gcc-6.4.0/configure --prefix=/sw/summit/gcc/6.4.0 --build=powerpc64le-none-linux-gnu --host=powerpc64le-none-linux-gnu --target=powerpc64le-none-linux-gnu --enable-offload-targets=nvptx-none --with-cuda-driver=/sw/summit/cuda/9.0.184 --disable-multilib CFLAGS=-m64
Thread model: posix
gcc version 6.4.0 (GCC) 
COMPILER_PATH=/autofs/nccs-svm1_sw/summit/gcc/6.4.0/bin/../libexec/gcc/powerpc64le-none-linux-gnu/6.4.0/:/autofs/nccs-svm1_sw/summit/gcc/6.4.0/bin/../libexec/gcc/
LIBRARY_PATH=/autofs/nccs-svm1_sw/summit/gcc/6.4.0/bin/../lib/gcc/powerpc64le-none-linux-gnu/6.4.0/:/autofs/nccs-svm1_sw/summit/gcc/6.4.0/bin/../lib/gcc/:/autofs/nccs-svm1_sw/summit/gcc/6.4.0/bin/../lib/gcc/powerpc64le-none-linux-gnu/6.4.0/../../../../lib64/:/lib/../lib64/:/usr/lib/../lib64/:/autofs/nccs-svm1_sw/summit/.swci/1-compute/opt/spack/20180914/linux-rhel7-ppc64le/gcc-6.4.0/spectrum-mpi-10.3.0.1-20190611-cyaenjgora6now2nusxzkfli4mzjnudx/lib/:/autofs/nccs-svm1_sw/summit/.swci/1-compute/opt/spack/20180914/linux-rhel7-ppc64le/gcc-4.8.5/darshan-runtime-3.1.7-csygoqyym3m3ysoaperhxlhoiluvpa2u/lib/:/autofs/nccs-svm1_sw/summit/gcc/6.4.0/bin/../lib/gcc/powerpc64le-none-linux-gnu/6.4.0/../../../:/lib/:/usr/lib/
... rest of stderr output deleted ...
configure:3737: $? = 1
configure:3726: /gpfs/alpine/csc300/world-shared/hdf5-1.10.6/hdf5/bin/h5pcc -V >&5
gcc: error: unrecognized command line option '-V'
configure:3737: $? = 1
configure:3726: /gpfs/alpine/csc300/world-shared/hdf5-1.10.6/hdf5/bin/h5pcc -qversion >&5
gcc: error: unrecognized command line option '-qversion'; did you mean '--version'?
configure:3737: $? = 1
configure:3757: checking whether the C compiler works
configure:3779: /gpfs/alpine/csc300/world-shared/hdf5-1.10.6/hdf5/bin/h5pcc    conftest.c  >&5
configure:3783: $? = 0
configure:3831: result: yes
configure:3834: checking for C compiler default output file name
configure:3836: result: a.out
configure:3842: checking for suffix of executables
configure:3849: /gpfs/alpine/csc300/world-shared/hdf5-1.10.6/hdf5/bin/h5pcc -o conftest    conftest.c  >&5
configure:3853: $? = 0
configure:3875: result: 
configure:3897: checking whether we are cross compiling
configure:3905: /gpfs/alpine/csc300/world-shared/hdf5-1.10.6/hdf5/bin/h5pcc -o conftest    conftest.c  >&5
configure:3909: $? = 0
configure:3916: ./conftest
configure:3920: $? = 0
configure:3935: result: no
configure:3940: checking for suffix of object files
configure:3962: /gpfs/alpine/csc300/world-shared/hdf5-1.10.6/hdf5/bin/h5pcc -c   conftest.c >&5
configure:3966: $? = 0
configure:3987: result: o
configure:3991: checking whether we are using the GNU C compiler
configure:4010: /gpfs/alpine/csc300/world-shared/hdf5-1.10.6/hdf5/bin/h5pcc -c   conftest.c >&5
configure:4010: $? = 0
configure:4019: result: yes
configure:4028: checking whether /gpfs/alpine/csc300/world-shared/hdf5-1.10.6/hdf5/bin/h5pcc accepts -g
configure:4048: /gpfs/alpine/csc300/world-shared/hdf5-1.10.6/hdf5/bin/h5pcc -c -g  conftest.c >&5
configure:4048: $? = 0
configure:4089: result: yes
configure:4106: checking for /gpfs/alpine/csc300/world-shared/hdf5-1.10.6/hdf5/bin/h5pcc option to accept ISO C89
configure:4169: /gpfs/alpine/csc300/world-shared/hdf5-1.10.6/hdf5/bin/h5pcc  -c -g -O2  conftest.c >&5
configure:4169: $? = 0
configure:4182: result: none needed
configure:4204: checking dependency style of /gpfs/alpine/csc300/world-shared/hdf5-1.10.6/hdf5/bin/h5pcc
configure:4315: result: gcc3
configure:4357: checking for function MPI_Init
configure:4382: /gpfs/alpine/csc300/world-shared/hdf5-1.10.6/hdf5/bin/h5pcc -o conftest -g -O2   conftest.c  >&5
configure:4382: $? = 0
configure:4389: result: yes
configure:4400: checking for mpi.h
configure:4413: /gpfs/alpine/csc300/world-shared/hdf5-1.10.6/hdf5/bin/h5pcc -c -g -O2  conftest.c >&5
configure:4413: $? = 0
configure:4414: result: yes
configure:4499: checking for ranlib
configure:4515: found /usr/bin/ranlib
configure:4526: result: ranlib
configure:4549: checking for /gpfs/alpine/csc300/world-shared/hdf5-1.10.6/hdf5/bin/h5pcc option to accept ISO C99
configure:4698: /gpfs/alpine/csc300/world-shared/hdf5-1.10.6/hdf5/bin/h5pcc  -c -g -O2  conftest.c >&5
configure:4698: $? = 0
configure:4711: result: none needed
configure:4735: checking how to run the C preprocessor
configure:4766: /gpfs/alpine/csc300/world-shared/hdf5-1.10.6/hdf5/bin/h5pcc -E  conftest.c
configure:4766: $? = 0
configure:4780: /gpfs/alpine/csc300/world-shared/hdf5-1.10.6/hdf5/bin/h5pcc -E  conftest.c
conftest.c:14:28: fatal error: ac_nonexistent.h: No such file or directory
 #include <ac_nonexistent.h>
                            ^
compilation terminated.
configure:4780: $? = 1
configure: failed program was:
| /* confdefs.h */
| #define PACKAGE_NAME "ior"
| #define PACKAGE_TARNAME "ior"
| #define PACKAGE_VERSION "3.3.0+dev"
| #define PACKAGE_STRING "ior 3.3.0+dev"
| #define PACKAGE_BUGREPORT ""
| #define PACKAGE_URL ""
| #define META_NAME "ior"
| #define META_VERSION "3.3.0+dev"
| #define META_RELEASE "0"
| #define META_ALIAS "ior-3.3.0+dev-0"
| #define HAVE_MPI 1
| /* end confdefs.h.  */
| #include <ac_nonexistent.h>
configure:4805: result: /gpfs/alpine/csc300/world-shared/hdf5-1.10.6/hdf5/bin/h5pcc -E
configure:4825: /gpfs/alpine/csc300/world-shared/hdf5-1.10.6/hdf5/bin/h5pcc -E  conftest.c
configure:4825: $? = 0
configure:4839: /gpfs/alpine/csc300/world-shared/hdf5-1.10.6/hdf5/bin/h5pcc -E  conftest.c
conftest.c:14:28: fatal error: ac_nonexistent.h: No such file or directory
 #include <ac_nonexistent.h>
                            ^
compilation terminated.
configure:4839: $? = 1
configure: failed program was:
| /* confdefs.h */
| #define PACKAGE_NAME "ior"
| #define PACKAGE_TARNAME "ior"
| #define PACKAGE_VERSION "3.3.0+dev"
| #define PACKAGE_STRING "ior 3.3.0+dev"
| #define PACKAGE_BUGREPORT ""
| #define PACKAGE_URL ""
| #define META_NAME "ior"
| #define META_VERSION "3.3.0+dev"
| #define META_RELEASE "0"
| #define META_ALIAS "ior-3.3.0+dev-0"
| #define HAVE_MPI 1
| /* end confdefs.h.  */
| #include <ac_nonexistent.h>
configure:4868: checking for grep that handles long lines and -e
configure:4926: result: /usr/bin/grep
configure:4931: checking for egrep
configure:4993: result: /usr/bin/grep -E
configure:4998: checking for ANSI C header files
configure:5018: /gpfs/alpine/csc300/world-shared/hdf5-1.10.6/hdf5/bin/h5pcc -c -g -O2  conftest.c >&5
configure:5018: $? = 0
configure:5091: /gpfs/alpine/csc300/world-shared/hdf5-1.10.6/hdf5/bin/h5pcc -o conftest -g -O2   conftest.c  >&5
configure:5091: $? = 0
configure:5091: ./conftest
configure:5091: $? = 0
configure:5102: result: yes
configure:5115: checking for sys/types.h
configure:5115: /gpfs/alpine/csc300/world-shared/hdf5-1.10.6/hdf5/bin/h5pcc -c -g -O2  conftest.c >&5
configure:5115: $? = 0
configure:5115: result: yes
configure:5115: checking for sys/stat.h
configure:5115: /gpfs/alpine/csc300/world-shared/hdf5-1.10.6/hdf5/bin/h5pcc -c -g -O2  conftest.c >&5
configure:5115: $? = 0
configure:5115: result: yes
configure:5115: checking for stdlib.h
configure:5115: /gpfs/alpine/csc300/world-shared/hdf5-1.10.6/hdf5/bin/h5pcc -c -g -O2  conftest.c >&5
configure:5115: $? = 0
configure:5115: result: yes
configure:5115: checking for string.h
configure:5115: /gpfs/alpine/csc300/world-shared/hdf5-1.10.6/hdf5/bin/h5pcc -c -g -O2  conftest.c >&5
configure:5115: $? = 0
configure:5115: result: yes
configure:5115: checking for memory.h
configure:5115: /gpfs/alpine/csc300/world-shared/hdf5-1.10.6/hdf5/bin/h5pcc -c -g -O2  conftest.c >&5
configure:5115: $? = 0
configure:5115: result: yes
configure:5115: checking for strings.h
configure:5115: /gpfs/alpine/csc300/world-shared/hdf5-1.10.6/hdf5/bin/h5pcc -c -g -O2  conftest.c >&5
configure:5115: $? = 0
configure:5115: result: yes
configure:5115: checking for inttypes.h
configure:5115: /gpfs/alpine/csc300/world-shared/hdf5-1.10.6/hdf5/bin/h5pcc -c -g -O2  conftest.c >&5
configure:5115: $? = 0
configure:5115: result: yes
configure:5115: checking for stdint.h
configure:5115: /gpfs/alpine/csc300/world-shared/hdf5-1.10.6/hdf5/bin/h5pcc -c -g -O2  conftest.c >&5
configure:5115: $? = 0
configure:5115: result: yes
configure:5115: checking for unistd.h
configure:5115: /gpfs/alpine/csc300/world-shared/hdf5-1.10.6/hdf5/bin/h5pcc -c -g -O2  conftest.c >&5
configure:5115: $? = 0
configure:5115: result: yes
configure:5130: checking fcntl.h usability
configure:5130: /gpfs/alpine/csc300/world-shared/hdf5-1.10.6/hdf5/bin/h5pcc -c -g -O2  conftest.c >&5
configure:5130: $? = 0
configure:5130: result: yes
configure:5130: checking fcntl.h presence
configure:5130: /gpfs/alpine/csc300/world-shared/hdf5-1.10.6/hdf5/bin/h5pcc -E  conftest.c
configure:5130: $? = 0
configure:5130: result: yes
configure:5130: checking for fcntl.h
configure:5130: result: yes
configure:5130: checking libintl.h usability
configure:5130: /gpfs/alpine/csc300/world-shared/hdf5-1.10.6/hdf5/bin/h5pcc -c -g -O2  conftest.c >&5
configure:5130: $? = 0
configure:5130: result: yes
configure:5130: checking libintl.h presence
configure:5130: /gpfs/alpine/csc300/world-shared/hdf5-1.10.6/hdf5/bin/h5pcc -E  conftest.c
configure:5130: $? = 0
configure:5130: result: yes
configure:5130: checking for libintl.h
configure:5130: result: yes
configure:5130: checking for stdlib.h
configure:5130: result: yes
configure:5130: checking for string.h
configure:5130: result: yes
configure:5130: checking for strings.h
configure:5130: result: yes
configure:5130: checking sys/ioctl.h usability
configure:5130: /gpfs/alpine/csc300/world-shared/hdf5-1.10.6/hdf5/bin/h5pcc -c -g -O2  conftest.c >&5
configure:5130: $? = 0
configure:5130: result: yes
configure:5130: checking sys/ioctl.h presence
configure:5130: /gpfs/alpine/csc300/world-shared/hdf5-1.10.6/hdf5/bin/h5pcc -E  conftest.c
configure:5130: $? = 0
configure:5130: result: yes
configure:5130: checking for sys/ioctl.h
configure:5130: result: yes
configure:5130: checking sys/param.h usability
configure:5130: /gpfs/alpine/csc300/world-shared/hdf5-1.10.6/hdf5/bin/h5pcc -c -g -O2  conftest.c >&5
configure:5130: $? = 0
configure:5130: result: yes
configure:5130: checking sys/param.h presence
configure:5130: /gpfs/alpine/csc300/world-shared/hdf5-1.10.6/hdf5/bin/h5pcc -E  conftest.c
configure:5130: $? = 0
configure:5130: result: yes
configure:5130: checking for sys/param.h
configure:5130: result: yes
configure:5130: checking sys/statfs.h usability
configure:5130: /gpfs/alpine/csc300/world-shared/hdf5-1.10.6/hdf5/bin/h5pcc -c -g -O2  conftest.c >&5
configure:5130: $? = 0
configure:5130: result: yes
configure:5130: checking sys/statfs.h presence
configure:5130: /gpfs/alpine/csc300/world-shared/hdf5-1.10.6/hdf5/bin/h5pcc -E  conftest.c
configure:5130: $? = 0
configure:5130: result: yes
configure:5130: checking for sys/statfs.h
configure:5130: result: yes
configure:5130: checking sys/statvfs.h usability
configure:5130: /gpfs/alpine/csc300/world-shared/hdf5-1.10.6/hdf5/bin/h5pcc -c -g -O2  conftest.c >&5
configure:5130: $? = 0
configure:5130: result: yes
configure:5130: checking sys/statvfs.h presence
configure:5130: /gpfs/alpine/csc300/world-shared/hdf5-1.10.6/hdf5/bin/h5pcc -E  conftest.c
configure:5130: $? = 0
configure:5130: result: yes
configure:5130: checking for sys/statvfs.h
configure:5130: result: yes
configure:5130: checking sys/time.h usability
configure:5130: /gpfs/alpine/csc300/world-shared/hdf5-1.10.6/hdf5/bin/h5pcc -c -g -O2  conftest.c >&5
configure:5130: $? = 0
configure:5130: result: yes
configure:5130: checking sys/time.h presence
configure:5130: /gpfs/alpine/csc300/world-shared/hdf5-1.10.6/hdf5/bin/h5pcc -E  conftest.c
configure:5130: $? = 0
configure:5130: result: yes
configure:5130: checking for sys/time.h
configure:5130: result: yes
configure:5130: checking for sys/param.h
configure:5130: result: yes
configure:5130: checking sys/mount.h usability
configure:5130: /gpfs/alpine/csc300/world-shared/hdf5-1.10.6/hdf5/bin/h5pcc -c -g -O2  conftest.c >&5
configure:5130: $? = 0
configure:5130: result: yes
configure:5130: checking sys/mount.h presence
configure:5130: /gpfs/alpine/csc300/world-shared/hdf5-1.10.6/hdf5/bin/h5pcc -E  conftest.c
configure:5130: $? = 0
configure:5130: result: yes
configure:5130: checking for sys/mount.h
configure:5130: result: yes
configure:5130: checking for unistd.h
configure:5130: result: yes
configure:5130: checking wchar.h usability
configure:5130: /gpfs/alpine/csc300/world-shared/hdf5-1.10.6/hdf5/bin/h5pcc -c -g -O2  conftest.c >&5
configure:5130: $? = 0
configure:5130: result: yes
configure:5130: checking wchar.h presence
configure:5130: /gpfs/alpine/csc300/world-shared/hdf5-1.10.6/hdf5/bin/h5pcc -E  conftest.c
configure:5130: $? = 0
configure:5130: result: yes
configure:5130: checking for wchar.h
configure:5130: result: yes
configure:5130: checking hdfs.h usability
configure:5130: /gpfs/alpine/csc300/world-shared/hdf5-1.10.6/hdf5/bin/h5pcc -c -g -O2  conftest.c >&5
conftest.c:71:18: fatal error: hdfs.h: No such file or directory
 #include <hdfs.h>
                  ^
compilation terminated.
configure:5130: $? = 1
configure: failed program was:
| /* confdefs.h */
| #define PACKAGE_NAME "ior"
| #define PACKAGE_TARNAME "ior"
| #define PACKAGE_VERSION "3.3.0+dev"
| #define PACKAGE_STRING "ior 3.3.0+dev"
| #define PACKAGE_BUGREPORT ""
| #define PACKAGE_URL ""
| #define META_NAME "ior"
| #define META_VERSION "3.3.0+dev"
| #define META_RELEASE "0"
| #define META_ALIAS "ior-3.3.0+dev-0"
| #define HAVE_MPI 1
| #define STDC_HEADERS 1
| #define HAVE_SYS_TYPES_H 1
| #define HAVE_SYS_STAT_H 1
| #define HAVE_STDLIB_H 1
| #define HAVE_STRING_H 1
| #define HAVE_MEMORY_H 1
| #define HAVE_STRINGS_H 1
| #define HAVE_INTTYPES_H 1
| #define HAVE_STDINT_H 1
| #define HAVE_UNISTD_H 1
| #define HAVE_FCNTL_H 1
| #define HAVE_LIBINTL_H 1
| #define HAVE_STDLIB_H 1
| #define HAVE_STRING_H 1
| #define HAVE_STRINGS_H 1
| #define HAVE_SYS_IOCTL_H 1
| #define HAVE_SYS_PARAM_H 1
| #define HAVE_SYS_STATFS_H 1
| #define HAVE_SYS_STATVFS_H 1
| #define HAVE_SYS_TIME_H 1
| #define HAVE_SYS_PARAM_H 1
| #define HAVE_SYS_MOUNT_H 1
| #define HAVE_UNISTD_H 1
| #define HAVE_WCHAR_H 1
| /* end confdefs.h.  */
| #include <stdio.h>
| #ifdef HAVE_SYS_TYPES_H
| # include <sys/types.h>
| #endif
| #ifdef HAVE_SYS_STAT_H
| # include <sys/stat.h>
| #endif
| #ifdef STDC_HEADERS
| # include <stdlib.h>
| # include <stddef.h>
| #else
| # ifdef HAVE_STDLIB_H
| #  include <stdlib.h>
| # endif
| #endif
| #ifdef HAVE_STRING_H
| # if !defined STDC_HEADERS && defined HAVE_MEMORY_H
| #  include <memory.h>
| # endif
| # include <string.h>
| #endif
| #ifdef HAVE_STRINGS_H
| # include <strings.h>
| #endif
| #ifdef HAVE_INTTYPES_H
| # include <inttypes.h>
| #endif
| #ifdef HAVE_STDINT_H
| # include <stdint.h>
| #endif
| #ifdef HAVE_UNISTD_H
| # include <unistd.h>
| #endif
| #include <hdfs.h>
configure:5130: result: no
configure:5130: checking hdfs.h presence
configure:5130: /gpfs/alpine/csc300/world-shared/hdf5-1.10.6/hdf5/bin/h5pcc -E  conftest.c
conftest.c:38:18: fatal error: hdfs.h: No such file or directory
 #include <hdfs.h>
                  ^
compilation terminated.
configure:5130: $? = 1
configure: failed program was:
| /* confdefs.h */
| #define PACKAGE_NAME "ior"
| #define PACKAGE_TARNAME "ior"
| #define PACKAGE_VERSION "3.3.0+dev"
| #define PACKAGE_STRING "ior 3.3.0+dev"
| #define PACKAGE_BUGREPORT ""
| #define PACKAGE_URL ""
| #define META_NAME "ior"
| #define META_VERSION "3.3.0+dev"
| #define META_RELEASE "0"
| #define META_ALIAS "ior-3.3.0+dev-0"
| #define HAVE_MPI 1
| #define STDC_HEADERS 1
| #define HAVE_SYS_TYPES_H 1
| #define HAVE_SYS_STAT_H 1
| #define HAVE_STDLIB_H 1
| #define HAVE_STRING_H 1
| #define HAVE_MEMORY_H 1
| #define HAVE_STRINGS_H 1
| #define HAVE_INTTYPES_H 1
| #define HAVE_STDINT_H 1
| #define HAVE_UNISTD_H 1
| #define HAVE_FCNTL_H 1
| #define HAVE_LIBINTL_H 1
| #define HAVE_STDLIB_H 1
| #define HAVE_STRING_H 1
| #define HAVE_STRINGS_H 1
| #define HAVE_SYS_IOCTL_H 1
| #define HAVE_SYS_PARAM_H 1
| #define HAVE_SYS_STATFS_H 1
| #define HAVE_SYS_STATVFS_H 1
| #define HAVE_SYS_TIME_H 1
| #define HAVE_SYS_PARAM_H 1
| #define HAVE_SYS_MOUNT_H 1
| #define HAVE_UNISTD_H 1
| #define HAVE_WCHAR_H 1
| /* end confdefs.h.  */
| #include <hdfs.h>
configure:5130: result: no
configure:5130: checking for hdfs.h
configure:5130: result: no
configure:5130: checking beegfs/beegfs.h usability
configure:5130: /gpfs/alpine/csc300/world-shared/hdf5-1.10.6/hdf5/bin/h5pcc -c -g -O2  conftest.c >&5
conftest.c:71:27: fatal error: beegfs/beegfs.h: No such file or directory
 #include <beegfs/beegfs.h>
                           ^
compilation terminated.
configure:5130: $? = 1
configure: failed program was:
| /* confdefs.h */
| #define PACKAGE_NAME "ior"
| #define PACKAGE_TARNAME "ior"
| #define PACKAGE_VERSION "3.3.0+dev"
| #define PACKAGE_STRING "ior 3.3.0+dev"
| #define PACKAGE_BUGREPORT ""
| #define PACKAGE_URL ""
| #define META_NAME "ior"
| #define META_VERSION "3.3.0+dev"
| #define META_RELEASE "0"
| #define META_ALIAS "ior-3.3.0+dev-0"
| #define HAVE_MPI 1
| #define STDC_HEADERS 1
| #define HAVE_SYS_TYPES_H 1
| #define HAVE_SYS_STAT_H 1
| #define HAVE_STDLIB_H 1
| #define HAVE_STRING_H 1
| #define HAVE_MEMORY_H 1
| #define HAVE_STRINGS_H 1
| #define HAVE_INTTYPES_H 1
| #define HAVE_STDINT_H 1
| #define HAVE_UNISTD_H 1
| #define HAVE_FCNTL_H 1
| #define HAVE_LIBINTL_H 1
| #define HAVE_STDLIB_H 1
| #define HAVE_STRING_H 1
| #define HAVE_STRINGS_H 1
| #define HAVE_SYS_IOCTL_H 1
| #define HAVE_SYS_PARAM_H 1
| #define HAVE_SYS_STATFS_H 1
| #define HAVE_SYS_STATVFS_H 1
| #define HAVE_SYS_TIME_H 1
| #define HAVE_SYS_PARAM_H 1
| #define HAVE_SYS_MOUNT_H 1
| #define HAVE_UNISTD_H 1
| #define HAVE_WCHAR_H 1
| /* end confdefs.h.  */
| #include <stdio.h>
| #ifdef HAVE_SYS_TYPES_H
| # include <sys/types.h>
| #endif
| #ifdef HAVE_SYS_STAT_H
| # include <sys/stat.h>
| #endif
| #ifdef STDC_HEADERS
| # include <stdlib.h>
| # include <stddef.h>
| #else
| # ifdef HAVE_STDLIB_H
| #  include <stdlib.h>
| # endif
| #endif
| #ifdef HAVE_STRING_H
| # if !defined STDC_HEADERS && defined HAVE_MEMORY_H
| #  include <memory.h>
| # endif
| # include <string.h>
| #endif
| #ifdef HAVE_STRINGS_H
| # include <strings.h>
| #endif
| #ifdef HAVE_INTTYPES_H
| # include <inttypes.h>
| #endif
| #ifdef HAVE_STDINT_H
| # include <stdint.h>
| #endif
| #ifdef HAVE_UNISTD_H
| # include <unistd.h>
| #endif
| #include <beegfs/beegfs.h>
configure:5130: result: no
configure:5130: checking beegfs/beegfs.h presence
configure:5130: /gpfs/alpine/csc300/world-shared/hdf5-1.10.6/hdf5/bin/h5pcc -E  conftest.c
conftest.c:38:27: fatal error: beegfs/beegfs.h: No such file or directory
 #include <beegfs/beegfs.h>
                           ^
compilation terminated.
configure:5130: $? = 1
configure: failed program was:
| /* confdefs.h */
| #define PACKAGE_NAME "ior"
| #define PACKAGE_TARNAME "ior"
| #define PACKAGE_VERSION "3.3.0+dev"
| #define PACKAGE_STRING "ior 3.3.0+dev"
| #define PACKAGE_BUGREPORT ""
| #define PACKAGE_URL ""
| #define META_NAME "ior"
| #define META_VERSION "3.3.0+dev"
| #define META_RELEASE "0"
| #define META_ALIAS "ior-3.3.0+dev-0"
| #define HAVE_MPI 1
| #define STDC_HEADERS 1
| #define HAVE_SYS_TYPES_H 1
| #define HAVE_SYS_STAT_H 1
| #define HAVE_STDLIB_H 1
| #define HAVE_STRING_H 1
| #define HAVE_MEMORY_H 1
| #define HAVE_STRINGS_H 1
| #define HAVE_INTTYPES_H 1
| #define HAVE_STDINT_H 1
| #define HAVE_UNISTD_H 1
| #define HAVE_FCNTL_H 1
| #define HAVE_LIBINTL_H 1
| #define HAVE_STDLIB_H 1
| #define HAVE_STRING_H 1
| #define HAVE_STRINGS_H 1
| #define HAVE_SYS_IOCTL_H 1
| #define HAVE_SYS_PARAM_H 1
| #define HAVE_SYS_STATFS_H 1
| #define HAVE_SYS_STATVFS_H 1
| #define HAVE_SYS_TIME_H 1
| #define HAVE_SYS_PARAM_H 1
| #define HAVE_SYS_MOUNT_H 1
| #define HAVE_UNISTD_H 1
| #define HAVE_WCHAR_H 1
| /* end confdefs.h.  */
| #include <beegfs/beegfs.h>
configure:5130: result: no
configure:5130: checking for beegfs/beegfs.h
configure:5130: result: no
configure:5142: checking for size_t
configure:5142: /gpfs/alpine/csc300/world-shared/hdf5-1.10.6/hdf5/bin/h5pcc -c -g -O2  conftest.c >&5
configure:5142: $? = 0
configure:5142: /gpfs/alpine/csc300/world-shared/hdf5-1.10.6/hdf5/bin/h5pcc -c -g -O2  conftest.c >&5
conftest.c: In function 'main':
conftest.c:74:21: error: expected expression before ')' token
 if (sizeof ((size_t)))
                     ^
configure:5142: $? = 1
configure: failed program was:
| /* confdefs.h */
| #define PACKAGE_NAME "ior"
| #define PACKAGE_TARNAME "ior"
| #define PACKAGE_VERSION "3.3.0+dev"
| #define PACKAGE_STRING "ior 3.3.0+dev"
| #define PACKAGE_BUGREPORT ""
| #define PACKAGE_URL ""
| #define META_NAME "ior"
| #define META_VERSION "3.3.0+dev"
| #define META_RELEASE "0"
| #define META_ALIAS "ior-3.3.0+dev-0"
| #define HAVE_MPI 1
| #define STDC_HEADERS 1
| #define HAVE_SYS_TYPES_H 1
| #define HAVE_SYS_STAT_H 1
| #define HAVE_STDLIB_H 1
| #define HAVE_STRING_H 1
| #define HAVE_MEMORY_H 1
| #define HAVE_STRINGS_H 1
| #define HAVE_INTTYPES_H 1
| #define HAVE_STDINT_H 1
| #define HAVE_UNISTD_H 1
| #define HAVE_FCNTL_H 1
| #define HAVE_LIBINTL_H 1
| #define HAVE_STDLIB_H 1
| #define HAVE_STRING_H 1
| #define HAVE_STRINGS_H 1
| #define HAVE_SYS_IOCTL_H 1
| #define HAVE_SYS_PARAM_H 1
| #define HAVE_SYS_STATFS_H 1
| #define HAVE_SYS_STATVFS_H 1
| #define HAVE_SYS_TIME_H 1
| #define HAVE_SYS_PARAM_H 1
| #define HAVE_SYS_MOUNT_H 1
| #define HAVE_UNISTD_H 1
| #define HAVE_WCHAR_H 1
| /* end confdefs.h.  */
| #include <stdio.h>
| #ifdef HAVE_SYS_TYPES_H
| # include <sys/types.h>
| #endif
| #ifdef HAVE_SYS_STAT_H
| # include <sys/stat.h>
| #endif
| #ifdef STDC_HEADERS
| # include <stdlib.h>
| # include <stddef.h>
| #else
| # ifdef HAVE_STDLIB_H
| #  include <stdlib.h>
| # endif
| #endif
| #ifdef HAVE_STRING_H
| # if !defined STDC_HEADERS && defined HAVE_MEMORY_H
| #  include <memory.h>
| # endif
| # include <string.h>
| #endif
| #ifdef HAVE_STRINGS_H
| # include <strings.h>
| #endif
| #ifdef HAVE_INTTYPES_H
| # include <inttypes.h>
| #endif
| #ifdef HAVE_STDINT_H
| # include <stdint.h>
| #endif
| #ifdef HAVE_UNISTD_H
| # include <unistd.h>
| #endif
| int
| main ()
| {
| if (sizeof ((size_t)))
| 	    return 0;
|   ;
|   return 0;
| }
configure:5142: result: yes
configure:5158: checking for sysconf
configure:5158: /gpfs/alpine/csc300/world-shared/hdf5-1.10.6/hdf5/bin/h5pcc -o conftest -g -O2   conftest.c  >&5
configure:5158: $? = 0
configure:5158: result: yes
configure:5158: checking for gettimeofday
configure:5158: /gpfs/alpine/csc300/world-shared/hdf5-1.10.6/hdf5/bin/h5pcc -o conftest -g -O2   conftest.c  >&5
configure:5158: $? = 0
configure:5158: result: yes
configure:5158: checking for memset
configure:5158: /gpfs/alpine/csc300/world-shared/hdf5-1.10.6/hdf5/bin/h5pcc -o conftest -g -O2   conftest.c  >&5
conftest.c:63:6: warning: conflicting types for built-in function 'memset'
 char memset ();
      ^~~~~~
configure:5158: $? = 0
configure:5158: result: yes
configure:5158: checking for mkdir
configure:5158: /gpfs/alpine/csc300/world-shared/hdf5-1.10.6/hdf5/bin/h5pcc -o conftest -g -O2   conftest.c  >&5
configure:5158: $? = 0
configure:5158: result: yes
configure:5158: checking for pow
configure:5158: /gpfs/alpine/csc300/world-shared/hdf5-1.10.6/hdf5/bin/h5pcc -o conftest -g -O2   conftest.c  >&5
conftest.c:65:6: warning: conflicting types for built-in function 'pow'
 char pow ();
      ^~~
configure:5158: $? = 0
configure:5158: result: yes
configure:5158: checking for putenv
configure:5158: /gpfs/alpine/csc300/world-shared/hdf5-1.10.6/hdf5/bin/h5pcc -o conftest -g -O2   conftest.c  >&5
configure:5158: $? = 0
configure:5158: result: yes
configure:5158: checking for realpath
configure:5158: /gpfs/alpine/csc300/world-shared/hdf5-1.10.6/hdf5/bin/h5pcc -o conftest -g -O2   conftest.c  >&5
configure:5158: $? = 0
configure:5158: result: yes
configure:5158: checking for regcomp
configure:5158: /gpfs/alpine/csc300/world-shared/hdf5-1.10.6/hdf5/bin/h5pcc -o conftest -g -O2   conftest.c  >&5
configure:5158: $? = 0
configure:5158: result: yes
configure:5158: checking for sqrt
configure:5158: /gpfs/alpine/csc300/world-shared/hdf5-1.10.6/hdf5/bin/h5pcc -o conftest -g -O2   conftest.c  >&5
conftest.c:69:6: warning: conflicting types for built-in function 'sqrt'
 char sqrt ();
      ^~~~
configure:5158: $? = 0
configure:5158: result: yes
configure:5158: checking for strcasecmp
configure:5158: /gpfs/alpine/csc300/world-shared/hdf5-1.10.6/hdf5/bin/h5pcc -o conftest -g -O2   conftest.c  >&5
conftest.c:70:6: warning: conflicting types for built-in function 'strcasecmp'
 char strcasecmp ();
      ^~~~~~~~~~
configure:5158: $? = 0
configure:5158: result: yes
configure:5158: checking for strchr
configure:5158: /gpfs/alpine/csc300/world-shared/hdf5-1.10.6/hdf5/bin/h5pcc -o conftest -g -O2   conftest.c  >&5
conftest.c:71:6: warning: conflicting types for built-in function 'strchr'
 char strchr ();
      ^~~~~~
configure:5158: $? = 0
configure:5158: result: yes
configure:5158: checking for strerror
configure:5158: /gpfs/alpine/csc300/world-shared/hdf5-1.10.6/hdf5/bin/h5pcc -o conftest -g -O2   conftest.c  >&5
configure:5158: $? = 0
configure:5158: result: yes
configure:5158: checking for strncasecmp
configure:5158: /gpfs/alpine/csc300/world-shared/hdf5-1.10.6/hdf5/bin/h5pcc -o conftest -g -O2   conftest.c  >&5
conftest.c:73:6: warning: conflicting types for built-in function 'strncasecmp'
 char strncasecmp ();
      ^~~~~~~~~~~
configure:5158: $? = 0
configure:5158: result: yes
configure:5158: checking for strstr
configure:5158: /gpfs/alpine/csc300/world-shared/hdf5-1.10.6/hdf5/bin/h5pcc -o conftest -g -O2   conftest.c  >&5
conftest.c:74:6: warning: conflicting types for built-in function 'strstr'
 char strstr ();
      ^~~~~~
configure:5158: $? = 0
configure:5158: result: yes
configure:5158: checking for uname
configure:5158: /gpfs/alpine/csc300/world-shared/hdf5-1.10.6/hdf5/bin/h5pcc -o conftest -g -O2   conftest.c  >&5
configure:5158: $? = 0
configure:5158: result: yes
configure:5158: checking for statfs
configure:5158: /gpfs/alpine/csc300/world-shared/hdf5-1.10.6/hdf5/bin/h5pcc -o conftest -g -O2   conftest.c  >&5
configure:5158: $? = 0
configure:5158: result: yes
configure:5158: checking for statvfs
configure:5158: /gpfs/alpine/csc300/world-shared/hdf5-1.10.6/hdf5/bin/h5pcc -o conftest -g -O2   conftest.c  >&5
configure:5158: $? = 0
configure:5158: result: yes
configure:5167: checking for library containing sqrt
configure:5198: /gpfs/alpine/csc300/world-shared/hdf5-1.10.6/hdf5/bin/h5pcc -o conftest -g -O2   conftest.c  >&5
conftest.c:62:6: warning: conflicting types for built-in function 'sqrt'
 char sqrt ();
      ^~~~
configure:5198: $? = 0
configure:5215: result: none required
configure:5241: checking gpfs.h usability
configure:5241: /gpfs/alpine/csc300/world-shared/hdf5-1.10.6/hdf5/bin/h5pcc -c -g -O2  conftest.c >&5
configure:5241: $? = 0
configure:5241: result: yes
configure:5241: checking gpfs.h presence
configure:5241: /gpfs/alpine/csc300/world-shared/hdf5-1.10.6/hdf5/bin/h5pcc -E  conftest.c
configure:5241: $? = 0
configure:5241: result: yes
configure:5241: checking for gpfs.h
configure:5241: result: yes
configure:5241: checking gpfs_fcntl.h usability
configure:5241: /gpfs/alpine/csc300/world-shared/hdf5-1.10.6/hdf5/bin/h5pcc -c -g -O2  conftest.c >&5
configure:5241: $? = 0
configure:5241: result: yes
configure:5241: checking gpfs_fcntl.h presence
configure:5241: /gpfs/alpine/csc300/world-shared/hdf5-1.10.6/hdf5/bin/h5pcc -E  conftest.c
configure:5241: $? = 0
configure:5241: result: yes
configure:5241: checking for gpfs_fcntl.h
configure:5241: result: yes
configure:5262: checking for library containing gpfs_fcntl
configure:5293: /gpfs/alpine/csc300/world-shared/hdf5-1.10.6/hdf5/bin/h5pcc -o conftest -g -O2   conftest.c  >&5
conftest.o: In function `main':
/gpfs/alpine/csc300/world-shared/ior/conftest.c:68: undefined reference to `gpfs_fcntl'
/usr/bin/ld: link errors found, deleting executable `conftest'
/usr/bin/sha1sum: conftest: No such file or directory
collect2: error: ld returned 1 exit status
configure:5293: $? = 1
configure: failed program was:
| /* confdefs.h */
| #define PACKAGE_NAME "ior"
| #define PACKAGE_TARNAME "ior"
| #define PACKAGE_VERSION "3.3.0+dev"
| #define PACKAGE_STRING "ior 3.3.0+dev"
| #define PACKAGE_BUGREPORT ""
| #define PACKAGE_URL ""
| #define META_NAME "ior"
| #define META_VERSION "3.3.0+dev"
| #define META_RELEASE "0"
| #define META_ALIAS "ior-3.3.0+dev-0"
| #define HAVE_MPI 1
| #define STDC_HEADERS 1
| #define HAVE_SYS_TYPES_H 1
| #define HAVE_SYS_STAT_H 1
| #define HAVE_STDLIB_H 1
| #define HAVE_STRING_H 1
| #define HAVE_MEMORY_H 1
| #define HAVE_STRINGS_H 1
| #define HAVE_INTTYPES_H 1
| #define HAVE_STDINT_H 1
| #define HAVE_UNISTD_H 1
| #define HAVE_FCNTL_H 1
| #define HAVE_LIBINTL_H 1
| #define HAVE_STDLIB_H 1
| #define HAVE_STRING_H 1
| #define HAVE_STRINGS_H 1
| #define HAVE_SYS_IOCTL_H 1
| #define HAVE_SYS_PARAM_H 1
| #define HAVE_SYS_STATFS_H 1
| #define HAVE_SYS_STATVFS_H 1
| #define HAVE_SYS_TIME_H 1
| #define HAVE_SYS_PARAM_H 1
| #define HAVE_SYS_MOUNT_H 1
| #define HAVE_UNISTD_H 1
| #define HAVE_WCHAR_H 1
| #define HAVE_SYSCONF 1
| #define HAVE_GETTIMEOFDAY 1
| #define HAVE_MEMSET 1
| #define HAVE_MKDIR 1
| #define HAVE_POW 1
| #define HAVE_PUTENV 1
| #define HAVE_REALPATH 1
| #define HAVE_REGCOMP 1
| #define HAVE_SQRT 1
| #define HAVE_STRCASECMP 1
| #define HAVE_STRCHR 1
| #define HAVE_STRERROR 1
| #define HAVE_STRNCASECMP 1
| #define HAVE_STRSTR 1
| #define HAVE_UNAME 1
| #define HAVE_STATFS 1
| #define HAVE_STATVFS 1
| #define HAVE_GPFS_H 1
| #define HAVE_GPFS_FCNTL_H 1
| /* end confdefs.h.  */
| 
| /* Override any GCC internal prototype to avoid an error.
|    Use char because int might match the return type of a GCC
|    builtin and then its argument prototype would still apply.  */
| #ifdef __cplusplus
| extern "C"
| #endif
| char gpfs_fcntl ();
| int
| main ()
| {
| return gpfs_fcntl ();
|   ;
|   return 0;
| }
configure:5293: /gpfs/alpine/csc300/world-shared/hdf5-1.10.6/hdf5/bin/h5pcc -o conftest -g -O2   conftest.c -lgpfs   >&5
configure:5293: $? = 0
configure:5310: result: -lgpfs
configure:5334: checking for special C compiler options needed for large files
configure:5379: result: no
configure:5385: checking for _FILE_OFFSET_BITS value needed for large files
configure:5410: /gpfs/alpine/csc300/world-shared/hdf5-1.10.6/hdf5/bin/h5pcc -c -g -O2  conftest.c >&5
configure:5410: $? = 0
configure:5442: result: no
configure:5658: checking for library containing H5Pset_all_coll_metadata_ops
configure:5689: /gpfs/alpine/csc300/world-shared/hdf5-1.10.6/hdf5/bin/h5pcc -o conftest -g -O2   conftest.c -lgpfs  >&5
configure:5689: $? = 0
configure:5706: result: none required
configure:5716: checking for H5Pset_all_coll_metadata_ops
configure:5716: /gpfs/alpine/csc300/world-shared/hdf5-1.10.6/hdf5/bin/h5pcc -o conftest -g -O2   conftest.c -lgpfs  >&5
configure:5716: $? = 0
configure:5716: result: yes
configure:5897: checking gurt/common.h usability
configure:5897: /gpfs/alpine/csc300/world-shared/hdf5-1.10.6/hdf5/bin/h5pcc -c -g -O2  -I/include/ conftest.c >&5
conftest.c:96:25: fatal error: gurt/common.h: No such file or directory
 #include <gurt/common.h>
                         ^
compilation terminated.
configure:5897: $? = 1
configure: failed program was:
| /* confdefs.h */
| #define PACKAGE_NAME "ior"
| #define PACKAGE_TARNAME "ior"
| #define PACKAGE_VERSION "3.3.0+dev"
| #define PACKAGE_STRING "ior 3.3.0+dev"
| #define PACKAGE_BUGREPORT ""
| #define PACKAGE_URL ""
| #define META_NAME "ior"
| #define META_VERSION "3.3.0+dev"
| #define META_RELEASE "0"
| #define META_ALIAS "ior-3.3.0+dev-0"
| #define HAVE_MPI 1
| #define STDC_HEADERS 1
| #define HAVE_SYS_TYPES_H 1
| #define HAVE_SYS_STAT_H 1
| #define HAVE_STDLIB_H 1
| #define HAVE_STRING_H 1
| #define HAVE_MEMORY_H 1
| #define HAVE_STRINGS_H 1
| #define HAVE_INTTYPES_H 1
| #define HAVE_STDINT_H 1
| #define HAVE_UNISTD_H 1
| #define HAVE_FCNTL_H 1
| #define HAVE_LIBINTL_H 1
| #define HAVE_STDLIB_H 1
| #define HAVE_STRING_H 1
| #define HAVE_STRINGS_H 1
| #define HAVE_SYS_IOCTL_H 1
| #define HAVE_SYS_PARAM_H 1
| #define HAVE_SYS_STATFS_H 1
| #define HAVE_SYS_STATVFS_H 1
| #define HAVE_SYS_TIME_H 1
| #define HAVE_SYS_PARAM_H 1
| #define HAVE_SYS_MOUNT_H 1
| #define HAVE_UNISTD_H 1
| #define HAVE_WCHAR_H 1
| #define HAVE_SYSCONF 1
| #define HAVE_GETTIMEOFDAY 1
| #define HAVE_MEMSET 1
| #define HAVE_MKDIR 1
| #define HAVE_POW 1
| #define HAVE_PUTENV 1
| #define HAVE_REALPATH 1
| #define HAVE_REGCOMP 1
| #define HAVE_SQRT 1
| #define HAVE_STRCASECMP 1
| #define HAVE_STRCHR 1
| #define HAVE_STRERROR 1
| #define HAVE_STRNCASECMP 1
| #define HAVE_STRSTR 1
| #define HAVE_UNAME 1
| #define HAVE_STATFS 1
| #define HAVE_STATVFS 1
| #define HAVE_GPFS_H 1
| #define HAVE_GPFS_FCNTL_H 1
| #define _XOPEN_SOURCE 700
| #define USE_HDF5_AIORI /**/
| #define HAVE_H5PSET_ALL_COLL_METADATA_OPS 1
| #define USE_MPIIO_AIORI /**/
| #define USE_MMAP_AIORI /**/
| #define USE_POSIX_AIORI /**/
| /* end confdefs.h.  */
| #include <stdio.h>
| #ifdef HAVE_SYS_TYPES_H
| # include <sys/types.h>
| #endif
| #ifdef HAVE_SYS_STAT_H
| # include <sys/stat.h>
| #endif
| #ifdef STDC_HEADERS
| # include <stdlib.h>
| # include <stddef.h>
| #else
| # ifdef HAVE_STDLIB_H
| #  include <stdlib.h>
| # endif
| #endif
| #ifdef HAVE_STRING_H
| # if !defined STDC_HEADERS && defined HAVE_MEMORY_H
| #  include <memory.h>
| # endif
| # include <string.h>
| #endif
| #ifdef HAVE_STRINGS_H
| # include <strings.h>
| #endif
| #ifdef HAVE_INTTYPES_H
| # include <inttypes.h>
| #endif
| #ifdef HAVE_STDINT_H
| # include <stdint.h>
| #endif
| #ifdef HAVE_UNISTD_H
| # include <unistd.h>
| #endif
| #include <gurt/common.h>
configure:5897: result: no
configure:5897: checking gurt/common.h presence
configure:5897: /gpfs/alpine/csc300/world-shared/hdf5-1.10.6/hdf5/bin/h5pcc -E  -I/include/ conftest.c
conftest.c:63:25: fatal error: gurt/common.h: No such file or directory
 #include <gurt/common.h>
                         ^
compilation terminated.
configure:5897: $? = 1
configure: failed program was:
| /* confdefs.h */
| #define PACKAGE_NAME "ior"
| #define PACKAGE_TARNAME "ior"
| #define PACKAGE_VERSION "3.3.0+dev"
| #define PACKAGE_STRING "ior 3.3.0+dev"
| #define PACKAGE_BUGREPORT ""
| #define PACKAGE_URL ""
| #define META_NAME "ior"
| #define META_VERSION "3.3.0+dev"
| #define META_RELEASE "0"
| #define META_ALIAS "ior-3.3.0+dev-0"
| #define HAVE_MPI 1
| #define STDC_HEADERS 1
| #define HAVE_SYS_TYPES_H 1
| #define HAVE_SYS_STAT_H 1
| #define HAVE_STDLIB_H 1
| #define HAVE_STRING_H 1
| #define HAVE_MEMORY_H 1
| #define HAVE_STRINGS_H 1
| #define HAVE_INTTYPES_H 1
| #define HAVE_STDINT_H 1
| #define HAVE_UNISTD_H 1
| #define HAVE_FCNTL_H 1
| #define HAVE_LIBINTL_H 1
| #define HAVE_STDLIB_H 1
| #define HAVE_STRING_H 1
| #define HAVE_STRINGS_H 1
| #define HAVE_SYS_IOCTL_H 1
| #define HAVE_SYS_PARAM_H 1
| #define HAVE_SYS_STATFS_H 1
| #define HAVE_SYS_STATVFS_H 1
| #define HAVE_SYS_TIME_H 1
| #define HAVE_SYS_PARAM_H 1
| #define HAVE_SYS_MOUNT_H 1
| #define HAVE_UNISTD_H 1
| #define HAVE_WCHAR_H 1
| #define HAVE_SYSCONF 1
| #define HAVE_GETTIMEOFDAY 1
| #define HAVE_MEMSET 1
| #define HAVE_MKDIR 1
| #define HAVE_POW 1
| #define HAVE_PUTENV 1
| #define HAVE_REALPATH 1
| #define HAVE_REGCOMP 1
| #define HAVE_SQRT 1
| #define HAVE_STRCASECMP 1
| #define HAVE_STRCHR 1
| #define HAVE_STRERROR 1
| #define HAVE_STRNCASECMP 1
| #define HAVE_STRSTR 1
| #define HAVE_UNAME 1
| #define HAVE_STATFS 1
| #define HAVE_STATVFS 1
| #define HAVE_GPFS_H 1
| #define HAVE_GPFS_FCNTL_H 1
| #define _XOPEN_SOURCE 700
| #define USE_HDF5_AIORI /**/
| #define HAVE_H5PSET_ALL_COLL_METADATA_OPS 1
| #define USE_MPIIO_AIORI /**/
| #define USE_MMAP_AIORI /**/
| #define USE_POSIX_AIORI /**/
| /* end confdefs.h.  */
| #include <gurt/common.h>
configure:5897: result: no
configure:5897: checking for gurt/common.h
configure:5897: result: no
configure:5909: checking for d_hash_murmur64 in -lgurt
configure:5934: /gpfs/alpine/csc300/world-shared/hdf5-1.10.6/hdf5/bin/h5pcc -o conftest -g -O2  -I/include/  -L/lib conftest.c -lgurt  -lgpfs  >&5
/usr/bin/ld: cannot find -lgurt
/usr/bin/sha1sum: conftest: No such file or directory
collect2: error: ld returned 1 exit status
configure:5934: $? = 1
configure: failed program was:
| /* confdefs.h */
| #define PACKAGE_NAME "ior"
| #define PACKAGE_TARNAME "ior"
| #define PACKAGE_VERSION "3.3.0+dev"
| #define PACKAGE_STRING "ior 3.3.0+dev"
| #define PACKAGE_BUGREPORT ""
| #define PACKAGE_URL ""
| #define META_NAME "ior"
| #define META_VERSION "3.3.0+dev"
| #define META_RELEASE "0"
| #define META_ALIAS "ior-3.3.0+dev-0"
| #define HAVE_MPI 1
| #define STDC_HEADERS 1
| #define HAVE_SYS_TYPES_H 1
| #define HAVE_SYS_STAT_H 1
| #define HAVE_STDLIB_H 1
| #define HAVE_STRING_H 1
| #define HAVE_MEMORY_H 1
| #define HAVE_STRINGS_H 1
| #define HAVE_INTTYPES_H 1
| #define HAVE_STDINT_H 1
| #define HAVE_UNISTD_H 1
| #define HAVE_FCNTL_H 1
| #define HAVE_LIBINTL_H 1
| #define HAVE_STDLIB_H 1
| #define HAVE_STRING_H 1
| #define HAVE_STRINGS_H 1
| #define HAVE_SYS_IOCTL_H 1
| #define HAVE_SYS_PARAM_H 1
| #define HAVE_SYS_STATFS_H 1
| #define HAVE_SYS_STATVFS_H 1
| #define HAVE_SYS_TIME_H 1
| #define HAVE_SYS_PARAM_H 1
| #define HAVE_SYS_MOUNT_H 1
| #define HAVE_UNISTD_H 1
| #define HAVE_WCHAR_H 1
| #define HAVE_SYSCONF 1
| #define HAVE_GETTIMEOFDAY 1
| #define HAVE_MEMSET 1
| #define HAVE_MKDIR 1
| #define HAVE_POW 1
| #define HAVE_PUTENV 1
| #define HAVE_REALPATH 1
| #define HAVE_REGCOMP 1
| #define HAVE_SQRT 1
| #define HAVE_STRCASECMP 1
| #define HAVE_STRCHR 1
| #define HAVE_STRERROR 1
| #define HAVE_STRNCASECMP 1
| #define HAVE_STRSTR 1
| #define HAVE_UNAME 1
| #define HAVE_STATFS 1
| #define HAVE_STATVFS 1
| #define HAVE_GPFS_H 1
| #define HAVE_GPFS_FCNTL_H 1
| #define _XOPEN_SOURCE 700
| #define USE_HDF5_AIORI /**/
| #define HAVE_H5PSET_ALL_COLL_METADATA_OPS 1
| #define USE_MPIIO_AIORI /**/
| #define USE_MMAP_AIORI /**/
| #define USE_POSIX_AIORI /**/
| /* end confdefs.h.  */
| 
| /* Override any GCC internal prototype to avoid an error.
|    Use char because int might match the return type of a GCC
|    builtin and then its argument prototype would still apply.  */
| #ifdef __cplusplus
| extern "C"
| #endif
| char d_hash_murmur64 ();
| int
| main ()
| {
| return d_hash_murmur64 ();
|   ;
|   return 0;
| }
configure:5943: result: no
configure:6195: checking for Gfarm file system
configure:6205: result: no
configure:6680: checking that generated files are newer than configure
configure:6686: result: done
configure:6769: creating ./config.status

## ---------------------- ##
## Running config.status. ##
## ---------------------- ##

This file was extended by ior config.status 3.3.0+dev, which was
generated by GNU Autoconf 2.69.  Invocation command line was

  CONFIG_FILES    = 
  CONFIG_HEADERS  = 
  CONFIG_LINKS    = 
  CONFIG_COMMANDS = 
  $ ./config.status 

on login5

config.status:949: creating Makefile
config.status:949: creating src/Makefile
config.status:949: creating contrib/Makefile
config.status:949: creating doc/Makefile
config.status:949: creating src/config.h
config.status:1178: executing depfiles commands

## ---------------- ##
## Cache variables. ##
## ---------------- ##

ac_cv_build=powerpc64le-unknown-linux-gnu
ac_cv_c_compiler_gnu=yes
ac_cv_env_CC_set=
ac_cv_env_CC_value=
ac_cv_env_CFLAGS_set=
ac_cv_env_CFLAGS_value=
ac_cv_env_CPPFLAGS_set=
ac_cv_env_CPPFLAGS_value=
ac_cv_env_CPP_set=
ac_cv_env_CPP_value=
ac_cv_env_LDFLAGS_set=
ac_cv_env_LDFLAGS_value=
ac_cv_env_LIBS_set=
ac_cv_env_LIBS_value=
ac_cv_env_MPICC_set=set
ac_cv_env_MPICC_value=/gpfs/alpine/csc300/world-shared/hdf5-1.10.6/hdf5/bin/h5pcc
ac_cv_env_build_alias_set=
ac_cv_env_build_alias_value=
ac_cv_env_host_alias_set=
ac_cv_env_host_alias_value=
ac_cv_env_target_alias_set=
ac_cv_env_target_alias_value=
ac_cv_func_H5Pset_all_coll_metadata_ops=yes
ac_cv_func_gettimeofday=yes
ac_cv_func_memset=yes
ac_cv_func_mkdir=yes
ac_cv_func_pow=yes
ac_cv_func_putenv=yes
ac_cv_func_realpath=yes
ac_cv_func_regcomp=yes
ac_cv_func_sqrt=yes
ac_cv_func_statfs=yes
ac_cv_func_statvfs=yes
ac_cv_func_strcasecmp=yes
ac_cv_func_strchr=yes
ac_cv_func_strerror=yes
ac_cv_func_strncasecmp=yes
ac_cv_func_strstr=yes
ac_cv_func_sysconf=yes
ac_cv_func_uname=yes
ac_cv_header_beegfs_beegfs_h=no
ac_cv_header_fcntl_h=yes
ac_cv_header_gpfs_fcntl_h=yes
ac_cv_header_gpfs_h=yes
ac_cv_header_gurt_common_h=no
ac_cv_header_hdfs_h=no
ac_cv_header_inttypes_h=yes
ac_cv_header_libintl_h=yes
ac_cv_header_memory_h=yes
ac_cv_header_stdc=yes
ac_cv_header_stdint_h=yes
ac_cv_header_stdlib_h=yes
ac_cv_header_string_h=yes
ac_cv_header_strings_h=yes
ac_cv_header_sys_ioctl_h=yes
ac_cv_header_sys_mount_h=yes
ac_cv_header_sys_param_h=yes
ac_cv_header_sys_stat_h=yes
ac_cv_header_sys_statfs_h=yes
ac_cv_header_sys_statvfs_h=yes
ac_cv_header_sys_time_h=yes
ac_cv_header_sys_types_h=yes
ac_cv_header_unistd_h=yes
ac_cv_header_wchar_h=yes
ac_cv_host=powerpc64le-unknown-linux-gnu
ac_cv_lib_gurt_d_hash_murmur64=no
ac_cv_objext=o
ac_cv_path_EGREP='/usr/bin/grep -E'
ac_cv_path_GREP=/usr/bin/grep
ac_cv_path_install='/usr/bin/install -c'
ac_cv_path_mkdir=/usr/bin/mkdir
ac_cv_prog_AWK=gawk
ac_cv_prog_CPP='/gpfs/alpine/csc300/world-shared/hdf5-1.10.6/hdf5/bin/h5pcc -E'
ac_cv_prog_ac_ct_CC=/gpfs/alpine/csc300/world-shared/hdf5-1.10.6/hdf5/bin/h5pcc
ac_cv_prog_ac_ct_RANLIB=ranlib
ac_cv_prog_cc_c89=
ac_cv_prog_cc_c99=
ac_cv_prog_cc_g=yes
ac_cv_prog_make_make_set=yes
ac_cv_search_H5Pset_all_coll_metadata_ops='none required'
ac_cv_search_gpfs_fcntl=-lgpfs
ac_cv_search_sqrt='none required'
ac_cv_sys_file_offset_bits=no
ac_cv_sys_largefile_CC=no
ac_cv_type_size_t=yes
am_cv_CC_dependencies_compiler_type=gcc3
am_cv_make_support_nested_variables=yes

## ----------------- ##
## Output variables. ##
## ----------------- ##

ACLOCAL='${SHELL} /gpfs/alpine/csc300/world-shared/ior/config/missing aclocal-1.13'
AMDEPBACKSLASH='\'
AMDEP_FALSE='#'
AMDEP_TRUE=''
AMTAR='$${TAR-tar}'
AM_BACKSLASH='\'
AM_DEFAULT_V='$(AM_DEFAULT_VERBOSITY)'
AM_DEFAULT_VERBOSITY='0'
AM_V='$(V)'
AUTOCONF='${SHELL} /gpfs/alpine/csc300/world-shared/ior/config/missing autoconf'
AUTOHEADER='${SHELL} /gpfs/alpine/csc300/world-shared/ior/config/missing autoheader'
AUTOMAKE='${SHELL} /gpfs/alpine/csc300/world-shared/ior/config/missing automake-1.13'
AWK='gawk'
AWS4C_CPPFLAGS=''
AWS4C_DIR_FALSE=''
AWS4C_DIR_TRUE='#'
AWS4C_LDFLAGS=''
CC='/gpfs/alpine/csc300/world-shared/hdf5-1.10.6/hdf5/bin/h5pcc'
CCDEPMODE='depmode=gcc3'
CFLAGS='-g -O2'
CPP='/gpfs/alpine/csc300/world-shared/hdf5-1.10.6/hdf5/bin/h5pcc -E'
CPPFLAGS=' -I/include/'
CYGPATH_W='echo'
DEFS='-DHAVE_CONFIG_H'
DEPDIR='.deps'
ECHO_C=''
ECHO_N='-n'
ECHO_T=''
EGREP='/usr/bin/grep -E'
EXEEXT=''
GREP='/usr/bin/grep'
INSTALL_DATA='${INSTALL} -m 644'
INSTALL_PROGRAM='${INSTALL}'
INSTALL_SCRIPT='${INSTALL}'
INSTALL_STRIP_PROGRAM='$(install_sh) -c -s'
LDFLAGS=' -L/lib'
LIBOBJS=''
LIBS='-lgpfs '
LTLIBOBJS=''
MAINT='#'
MAINTAINER_MODE_FALSE=''
MAINTAINER_MODE_TRUE='#'
MAKEINFO='${SHELL} /gpfs/alpine/csc300/world-shared/ior/config/missing makeinfo'
META_ALIAS='ior-3.3.0+dev-0'
META_AUTHOR=''
META_DATE=''
META_LT_AGE=''
META_LT_CURRENT=''
META_LT_REVISION=''
META_NAME='ior'
META_RELEASE='0'
META_VERSION='3.3.0+dev'
MKDIR_P='/usr/bin/mkdir -p'
MPICC='/gpfs/alpine/csc300/world-shared/hdf5-1.10.6/hdf5/bin/h5pcc'
OBJEXT='o'
PACKAGE='ior'
PACKAGE_BUGREPORT=''
PACKAGE_NAME='ior'
PACKAGE_STRING='ior 3.3.0+dev'
PACKAGE_TARNAME='ior'
PACKAGE_URL=''
PACKAGE_VERSION='3.3.0+dev'
PATH_SEPARATOR=':'
RANLIB='ranlib'
SET_MAKE=''
SHELL='/bin/sh'
STRIP=''
USE_CAPS_FALSE=''
USE_CAPS_TRUE='#'
USE_DAOS_AIORI_FALSE=''
USE_DAOS_AIORI_TRUE='#'
USE_GFARM_AIORI_FALSE=''
USE_GFARM_AIORI_TRUE='#'
USE_HDF5_AIORI_FALSE='#'
USE_HDF5_AIORI_TRUE=''
USE_HDFS_AIORI_FALSE=''
USE_HDFS_AIORI_TRUE='#'
USE_IME_AIORI_FALSE=''
USE_IME_AIORI_TRUE='#'
USE_MMAP_AIORI_FALSE='#'
USE_MMAP_AIORI_TRUE=''
USE_MPIIO_AIORI_FALSE='#'
USE_MPIIO_AIORI_TRUE=''
USE_NCMPI_AIORI_FALSE=''
USE_NCMPI_AIORI_TRUE='#'
USE_POSIX_AIORI_FALSE='#'
USE_POSIX_AIORI_TRUE=''
USE_RADOS_AIORI_FALSE=''
USE_RADOS_AIORI_TRUE='#'
USE_S3_AIORI_FALSE=''
USE_S3_AIORI_TRUE='#'
VERSION='3.3.0+dev'
WITH_LUSTRE_FALSE=''
WITH_LUSTRE_TRUE='#'
ac_ct_CC='/gpfs/alpine/csc300/world-shared/hdf5-1.10.6/hdf5/bin/h5pcc'
am__EXEEXT_FALSE=''
am__EXEEXT_TRUE='#'
am__fastdepCC_FALSE='#'
am__fastdepCC_TRUE=''
am__include='include'
am__isrc=''
am__leading_dot='.'
am__nodep='_no'
am__quote=''
am__tar='$${TAR-tar} chof - "$$tardir"'
am__untar='$${TAR-tar} xf -'
bindir='${exec_prefix}/bin'
build='powerpc64le-unknown-linux-gnu'
build_alias=''
build_cpu='powerpc64le'
build_os='linux-gnu'
build_vendor='unknown'
datadir='${datarootdir}'
datarootdir='${prefix}/share'
docdir='${datarootdir}/doc/${PACKAGE_TARNAME}'
dvidir='${docdir}'
exec_prefix='${prefix}'
host='powerpc64le-unknown-linux-gnu'
host_alias=''
host_cpu='powerpc64le'
host_os='linux-gnu'
host_vendor='unknown'
htmldir='${docdir}'
includedir='${prefix}/include'
infodir='${datarootdir}/info'
install_sh='${SHELL} /gpfs/alpine/csc300/world-shared/ior/config/install-sh'
libdir='${exec_prefix}/lib'
libexecdir='${exec_prefix}/libexec'
localedir='${datarootdir}/locale'
localstatedir='${prefix}/var'
mandir='${datarootdir}/man'
mkdir_p='$(MKDIR_P)'
oldincludedir='/usr/include'
pdfdir='${docdir}'
prefix='/usr/local'
program_transform_name='s,x,x,'
psdir='${docdir}'
sbindir='${exec_prefix}/sbin'
sharedstatedir='${prefix}/com'
sysconfdir='${prefix}/etc'
target_alias=''

## ----------- ##
## confdefs.h. ##
## ----------- ##

/* confdefs.h */
#define PACKAGE_NAME "ior"
#define PACKAGE_TARNAME "ior"
#define PACKAGE_VERSION "3.3.0+dev"
#define PACKAGE_STRING "ior 3.3.0+dev"
#define PACKAGE_BUGREPORT ""
#define PACKAGE_URL ""
#define META_NAME "ior"
#define META_VERSION "3.3.0+dev"
#define META_RELEASE "0"
#define META_ALIAS "ior-3.3.0+dev-0"
#define HAVE_MPI 1
#define STDC_HEADERS 1
#define HAVE_SYS_TYPES_H 1
#define HAVE_SYS_STAT_H 1
#define HAVE_STDLIB_H 1
#define HAVE_STRING_H 1
#define HAVE_MEMORY_H 1
#define HAVE_STRINGS_H 1
#define HAVE_INTTYPES_H 1
#define HAVE_STDINT_H 1
#define HAVE_UNISTD_H 1
#define HAVE_FCNTL_H 1
#define HAVE_LIBINTL_H 1
#define HAVE_STDLIB_H 1
#define HAVE_STRING_H 1
#define HAVE_STRINGS_H 1
#define HAVE_SYS_IOCTL_H 1
#define HAVE_SYS_PARAM_H 1
#define HAVE_SYS_STATFS_H 1
#define HAVE_SYS_STATVFS_H 1
#define HAVE_SYS_TIME_H 1
#define HAVE_SYS_PARAM_H 1
#define HAVE_SYS_MOUNT_H 1
#define HAVE_UNISTD_H 1
#define HAVE_WCHAR_H 1
#define HAVE_SYSCONF 1
#define HAVE_GETTIMEOFDAY 1
#define HAVE_MEMSET 1
#define HAVE_MKDIR 1
#define HAVE_POW 1
#define HAVE_PUTENV 1
#define HAVE_REALPATH 1
#define HAVE_REGCOMP 1
#define HAVE_SQRT 1
#define HAVE_STRCASECMP 1
#define HAVE_STRCHR 1
#define HAVE_STRERROR 1
#define HAVE_STRNCASECMP 1
#define HAVE_STRSTR 1
#define HAVE_UNAME 1
#define HAVE_STATFS 1
#define HAVE_STATVFS 1
#define HAVE_GPFS_H 1
#define HAVE_GPFS_FCNTL_H 1
#define _XOPEN_SOURCE 700
#define USE_HDF5_AIORI /**/
#define HAVE_H5PSET_ALL_COLL_METADATA_OPS 1
#define USE_MPIIO_AIORI /**/
#define USE_MMAP_AIORI /**/
#define USE_POSIX_AIORI /**/

configure: exit 0

## ---------------------- ##
## Running config.status. ##
## ---------------------- ##

This file was extended by ior config.status 3.3.0+dev, which was
generated by GNU Autoconf 2.69.  Invocation command line was

  CONFIG_FILES    = 
  CONFIG_HEADERS  = 
  CONFIG_LINKS    = 
  CONFIG_COMMANDS = 
  $ ./config.status 

on login3

config.status:949: creating Makefile
config.status:949: creating src/Makefile
config.status:949: creating contrib/Makefile
config.status:949: creating doc/Makefile
config.status:949: creating src/config.h
config.status:1130: src/config.h is unchanged
config.status:1178: executing depfiles commands

## ---------------------- ##
## Running config.status. ##
## ---------------------- ##

This file was extended by ior config.status 3.3.0+dev, which was
generated by GNU Autoconf 2.69.  Invocation command line was

  CONFIG_FILES    = 
  CONFIG_HEADERS  = 
  CONFIG_LINKS    = 
  CONFIG_COMMANDS = 
  $ ./config.status 

on bings-macbook

config.status:949: creating Makefile
config.status:1101: error: could not create Makefile

## ---------------------- ##
## Running config.status. ##
## ---------------------- ##

This file was extended by ior config.status 3.3.0+dev, which was
generated by GNU Autoconf 2.69.  Invocation command line was

  CONFIG_FILES    = 
  CONFIG_HEADERS  = 
  CONFIG_LINKS    = 
  CONFIG_COMMANDS = 
  $ ./config.status 

on bings-macbook

config.status:949: creating Makefile
config.status:1101: error: could not create Makefile

## ---------------------- ##
## Running config.status. ##
## ---------------------- ##

This file was extended by ior config.status 3.3.0+dev, which was
generated by GNU Autoconf 2.69.  Invocation command line was

  CONFIG_FILES    = 
  CONFIG_HEADERS  = 
  CONFIG_LINKS    = 
  CONFIG_COMMANDS = 
  $ ./config.status 

on bings-macbook

config.status:949: creating Makefile
config.status:1101: error: could not create Makefile
